Using pre-set license
Built from '2020.2/release' branch; Version is '2020.2.0f1 (3721df5a8b28) revision 3613151'; Using compiler version '192528614'; Build Type 'Release'
OS: 'Windows 10  (10.0.0) 64bit' Language: 'en' Physical Memory: 16303 MB
BatchMode: 1, IsHumanControllingUs: 0, StartBugReporterOnCrash: 0, Is64bit: 1, IsPro: 0

 COMMAND LINE ARGUMENTS:
C:\Program Files\Unity\Hub\Editor\2020.2.0f1\Editor\Unity.exe
-adb2
-batchMode
-noUpm
-name
AssetImportWorker0
-projectPath
C:/Users/Alex/Documents/Unity Projects/Jigsaw
-logFile
Logs/AssetImportWorker0.log
-srvPort
53041
Successfully changed project path to: C:/Users/Alex/Documents/Unity Projects/Jigsaw
C:/Users/Alex/Documents/Unity Projects/Jigsaw
Using Asset Import Pipeline V2.
Refreshing native plugins compatible for Editor in 85.02 ms, found 0 plugins.
Preloading 0 native plugins for Editor in 0.00 ms.
Initialize engine version: 2020.2.0f1 (3721df5a8b28)
[Subsystems] Discovering subsystems at path C:/Program Files/Unity/Hub/Editor/2020.2.0f1/Editor/Data/Resources/UnitySubsystems
[Subsystems] Discovering subsystems at path C:/Users/Alex/Documents/Unity Projects/Jigsaw/Assets
GfxDevice: creating device client; threaded=0
Direct3D:
    Version:  Direct3D 11.0 [level 11.0]
    Renderer: NVIDIA GeForce GTX 860M (ID=0x1392)
    Vendor:   
    VRAM:     2010 MB
    Driver:   26.21.14.4575
Shader 'Universal Render Pipeline/Particles/Lit': fallback shader 'Universal Render Pipeline/Particles/SimpleLit' not found
Initialize mono
Mono path[0] = 'C:/Program Files/Unity/Hub/Editor/2020.2.0f1/Editor/Data/Managed'
Mono path[1] = 'C:/Program Files/Unity/Hub/Editor/2020.2.0f1/Editor/Data/MonoBleedingEdge/lib/mono/unityjit'
Mono config path = 'C:/Program Files/Unity/Hub/Editor/2020.2.0f1/Editor/Data/MonoBleedingEdge/etc'
Using monoOptions --debugger-agent=transport=dt_socket,embedding=1,server=y,suspend=n,address=127.0.0.1:56312
Begin MonoManager ReloadAssembly
Registering precompiled unity dll's ...
Register platform support module: C:/Program Files/Unity/Hub/Editor/2020.2.0f1/Editor/Data/PlaybackEngines/WindowsStandaloneSupport/UnityEditor.WindowsStandalone.Extensions.dll
Registered in 0.002648 seconds.
Native extension for WindowsStandalone target not found
Refreshing native plugins compatible for Editor in 77.69 ms, found 0 plugins.
Preloading 0 native plugins for Editor in 0.00 ms.
Invoked RoslynAnalysisRunner static constructor.
RoslynAnalysisRunner will not be running.
RoslynAnalysisRunner has terminated.
Mono: successfully reloaded assembly
- Completed reload, in  2.772 seconds
Platform modules already initialized, skipping
Registering precompiled user dll's ...
Registered in 0.007326 seconds.
Begin MonoManager ReloadAssembly
Native extension for WindowsStandalone target not found
Refreshing native plugins compatible for Editor in 77.45 ms, found 0 plugins.
Preloading 0 native plugins for Editor in 0.00 ms.
Invoked RoslynAnalysisRunner static constructor.
RoslynAnalysisRunner will not be running.
RoslynAnalysisRunner has terminated.
Mono: successfully reloaded assembly
- Completed reload, in  1.294 seconds
Platform modules already initialized, skipping
========================================================================
Worker process is ready to serve import requests
Shader 'Universal Render Pipeline/Particles/Lit': fallback shader 'Universal Render Pipeline/Particles/SimpleLit' not found
Launched and connected shader compiler UnityShaderCompiler.exe after 0.08 seconds
Refreshing native plugins compatible for Editor in 0.91 ms, found 0 plugins.
Preloading 0 native plugins for Editor in 0.00 ms.
Unloading 2952 Unused Serialized files (Serialized files now loaded: 0)
System memory in use before: 143.0 MB.
System memory in use after: 143.2 MB.

Unloading 42 unused Assets to reduce memory usage. Loaded Objects now: 3395.
Total: 4.136200 ms (FindLiveObjects: 0.455500 ms CreateObjectMapping: 0.385400 ms MarkObjects: 3.208100 ms  DeleteObjects: 0.085900 ms)

========================================================================
Received Import Request.
  path: Assets/Scenes/JigsawGame3x3.unity
  artifactKey: Guid(1cd0b7d931c820c41adf67982d51f764) Importer(815301076,1909f56bfc062723c751e8b465ee728b)
Start importing Assets/Scenes/JigsawGame3x3.unity using Guid(1cd0b7d931c820c41adf67982d51f764) Importer(815301076,1909f56bfc062723c751e8b465ee728b)  -> (artifact id: 'af54136c95740a389271c010a49e96f1') in 0.022533 seconds
  Import took 0.028872 seconds .

========================================================================
Received Prepare
Registering precompiled user dll's ...
Registered in 0.008170 seconds.
Begin MonoManager ReloadAssembly
Native extension for WindowsStandalone target not found
Refreshing native plugins compatible for Editor in 1.54 ms, found 0 plugins.
Preloading 0 native plugins for Editor in 0.00 ms.
Invoked RoslynAnalysisRunner static constructor.
RoslynAnalysisRunner will not be running.
RoslynAnalysisRunner has terminated.
Mono: successfully reloaded assembly
- Completed reload, in  1.280 seconds
Platform modules already initialized, skipping
Shader 'Universal Render Pipeline/Particles/Lit': fallback shader 'Universal Render Pipeline/Particles/SimpleLit' not found
Refreshing native plugins compatible for Editor in 0.92 ms, found 0 plugins.
Preloading 0 native plugins for Editor in 0.00 ms.
Unloading 2834 Unused Serialized files (Serialized files now loaded: 0)
System memory in use before: 134.5 MB.
System memory in use after: 134.7 MB.

Unloading 33 unused Assets to reduce memory usage. Loaded Objects now: 3397.
Total: 4.975900 ms (FindLiveObjects: 0.456700 ms CreateObjectMapping: 0.362500 ms MarkObjects: 4.108300 ms  DeleteObjects: 0.046200 ms)

========================================================================
Received Import Request.
  Time since last request: 84.343483 seconds.
  path: Assets/Scripts/ConfigureScene.cs
  artifactKey: Guid(c8a3cbfc14edf3447bcae85591ef385e) Importer(815301076,1909f56bfc062723c751e8b465ee728b)
Start importing Assets/Scripts/ConfigureScene.cs using Guid(c8a3cbfc14edf3447bcae85591ef385e) Importer(815301076,1909f56bfc062723c751e8b465ee728b)  -> (artifact id: 'f98bac72bafb426d1b49b6cd7f5e843f') in 0.050817 seconds
  Import took 0.057741 seconds .

========================================================================
Received Prepare
Registering precompiled user dll's ...
Registered in 0.008454 seconds.
Begin MonoManager ReloadAssembly
Native extension for WindowsStandalone target not found
Refreshing native plugins compatible for Editor in 1.21 ms, found 0 plugins.
Preloading 0 native plugins for Editor in 0.00 ms.
Invoked RoslynAnalysisRunner static constructor.
RoslynAnalysisRunner will not be running.
RoslynAnalysisRunner has terminated.
Mono: successfully reloaded assembly
- Completed reload, in  1.757 seconds
Platform modules already initialized, skipping
Shader 'Universal Render Pipeline/Particles/Lit': fallback shader 'Universal Render Pipeline/Particles/SimpleLit' not found
Refreshing native plugins compatible for Editor in 1.62 ms, found 0 plugins.
Preloading 0 native plugins for Editor in 0.00 ms.
Unloading 2835 Unused Serialized files (Serialized files now loaded: 0)
System memory in use before: 135.3 MB.
System memory in use after: 135.5 MB.

Unloading 33 unused Assets to reduce memory usage. Loaded Objects now: 3399.
Total: 4.192300 ms (FindLiveObjects: 0.464400 ms CreateObjectMapping: 0.381600 ms MarkObjects: 3.299800 ms  DeleteObjects: 0.044000 ms)

========================================================================
Received Prepare
Registering precompiled user dll's ...
Registered in 0.006660 seconds.
Begin MonoManager ReloadAssembly
Native extension for WindowsStandalone target not found
Refreshing native plugins compatible for Editor in 0.92 ms, found 0 plugins.
Preloading 0 native plugins for Editor in 0.00 ms.
Invoked RoslynAnalysisRunner static constructor.
RoslynAnalysisRunner will not be running.
RoslynAnalysisRunner has terminated.
Mono: successfully reloaded assembly
- Completed reload, in  1.405 seconds
Platform modules already initialized, skipping
Shader 'Universal Render Pipeline/Particles/Lit': fallback shader 'Universal Render Pipeline/Particles/SimpleLit' not found
Refreshing native plugins compatible for Editor in 1.99 ms, found 0 plugins.
Preloading 0 native plugins for Editor in 0.00 ms.
Unloading 2835 Unused Serialized files (Serialized files now loaded: 0)
System memory in use before: 135.6 MB.
System memory in use after: 135.8 MB.

Unloading 33 unused Assets to reduce memory usage. Loaded Objects now: 3401.
Total: 3.948600 ms (FindLiveObjects: 0.547700 ms CreateObjectMapping: 0.445500 ms MarkObjects: 2.900000 ms  DeleteObjects: 0.052500 ms)

========================================================================
Received Prepare
Registering precompiled user dll's ...
Registered in 0.007753 seconds.
Begin MonoManager ReloadAssembly
Native extension for WindowsStandalone target not found
Refreshing native plugins compatible for Editor in 0.96 ms, found 0 plugins.
Preloading 0 native plugins for Editor in 0.00 ms.
Invoked RoslynAnalysisRunner static constructor.
RoslynAnalysisRunner will not be running.
RoslynAnalysisRunner has terminated.
Mono: successfully reloaded assembly
- Completed reload, in  1.332 seconds
Platform modules already initialized, skipping
Shader 'Universal Render Pipeline/Particles/Lit': fallback shader 'Universal Render Pipeline/Particles/SimpleLit' not found
Refreshing native plugins compatible for Editor in 0.92 ms, found 0 plugins.
Preloading 0 native plugins for Editor in 0.00 ms.
Unloading 2835 Unused Serialized files (Serialized files now loaded: 0)
System memory in use before: 135.0 MB.
System memory in use after: 135.3 MB.

Unloading 33 unused Assets to reduce memory usage. Loaded Objects now: 3403.
Total: 4.068500 ms (FindLiveObjects: 0.541300 ms CreateObjectMapping: 0.367500 ms MarkObjects: 3.124300 ms  DeleteObjects: 0.033500 ms)

========================================================================
Received Import Request.
  Time since last request: 1055.571334 seconds.
  path: Assets/Adaptive Performance/AdaptivePerformanceGeneralSettings.asset
  artifactKey: Guid(546bf5e03b45fde4faa8316939e94839) Importer(815301076,1909f56bfc062723c751e8b465ee728b)
Start importing Assets/Adaptive Performance/AdaptivePerformanceGeneralSettings.asset using Guid(546bf5e03b45fde4faa8316939e94839) Importer(815301076,1909f56bfc062723c751e8b465ee728b)  -> (artifact id: 'f904a32e3f07a69f355897a44a51a3f4') in 0.049767 seconds
  Import took 0.057505 seconds .

========================================================================
Received Import Request.
  Time since last request: 0.002324 seconds.
  path: Assets/Adaptive Performance/AdaptivePerformanceGeneralSettings.asset
  artifactKey: Guid(546bf5e03b45fde4faa8316939e94839) Importer(815301076,1909f56bfc062723c751e8b465ee728b)
Start importing Assets/Adaptive Performance/AdaptivePerformanceGeneralSettings.asset using Guid(546bf5e03b45fde4faa8316939e94839) Importer(815301076,1909f56bfc062723c751e8b465ee728b)  -> (artifact id: 'f904a32e3f07a69f355897a44a51a3f4') in 0.007481 seconds
  Import took 0.014799 seconds .

========================================================================
Received Import Request.
  Time since last request: 126.056190 seconds.
  path: Assets/Scenes/BlocksPuzzle3x3 WithHint.unity
  artifactKey: Guid(0266f6b055012004db29eafc112da182) Importer(815301076,1909f56bfc062723c751e8b465ee728b)
Start importing Assets/Scenes/BlocksPuzzle3x3 WithHint.unity using Guid(0266f6b055012004db29eafc112da182) Importer(815301076,1909f56bfc062723c751e8b465ee728b)  -> (artifact id: 'ddc25b7b811b932fdfd0cc6641096557') in 0.009428 seconds
  Import took 0.016917 seconds .

========================================================================
Received Import Request.
  Time since last request: 151.302117 seconds.
  path: Assets/Scenes/JigsawGame2x2.unity
  artifactKey: Guid(098f9cdf861fcbc4d83b2ff6dd1b1835) Importer(815301076,1909f56bfc062723c751e8b465ee728b)
Start importing Assets/Scenes/JigsawGame2x2.unity using Guid(098f9cdf861fcbc4d83b2ff6dd1b1835) Importer(815301076,1909f56bfc062723c751e8b465ee728b)  -> (artifact id: 'be491494c8aad63fa7f46327debdb94a') in 0.010444 seconds
  Import took 0.021020 seconds .

========================================================================
Received Import Request.
  Time since last request: 0.008334 seconds.
  path: Assets/Scenes/JigsawGame2x2.unity
  artifactKey: Guid(098f9cdf861fcbc4d83b2ff6dd1b1835) Importer(815301076,1909f56bfc062723c751e8b465ee728b)
Start importing Assets/Scenes/JigsawGame2x2.unity using Guid(098f9cdf861fcbc4d83b2ff6dd1b1835) Importer(815301076,1909f56bfc062723c751e8b465ee728b)  -> (artifact id: 'be491494c8aad63fa7f46327debdb94a') in 0.005749 seconds
  Import took 0.013035 seconds .

========================================================================
Received Import Request.
  Time since last request: 17.497448 seconds.
  path: Assets/Scenes/JigsawGame3x3.unity
  artifactKey: Guid(1cd0b7d931c820c41adf67982d51f764) Importer(815301076,1909f56bfc062723c751e8b465ee728b)
Start importing Assets/Scenes/JigsawGame3x3.unity using Guid(1cd0b7d931c820c41adf67982d51f764) Importer(815301076,1909f56bfc062723c751e8b465ee728b)  -> (artifact id: '5023e4714e3d977df318c5163eb5c538') in 0.006003 seconds
  Import took 0.013173 seconds .

========================================================================
Received Import Request.
  Time since last request: 51.917476 seconds.
  path: Assets/Scenes/JigsawGame3x3.unity
  artifactKey: Guid(1cd0b7d931c820c41adf67982d51f764) Importer(815301076,1909f56bfc062723c751e8b465ee728b)
Start importing Assets/Scenes/JigsawGame3x3.unity using Guid(1cd0b7d931c820c41adf67982d51f764) Importer(815301076,1909f56bfc062723c751e8b465ee728b)  -> (artifact id: 'ea655ecbf7533803e74db9682e59d04f') in 0.005004 seconds
  Import took 0.015277 seconds .

========================================================================
Received Import Request.
  Time since last request: 0.486640 seconds.
  path: Assets/Scenes/MatchTheShapesGame.unity
  artifactKey: Guid(5f3fecd512ab76d48b320072c4990ee2) Importer(815301076,1909f56bfc062723c751e8b465ee728b)
Start importing Assets/Scenes/MatchTheShapesGame.unity using Guid(5f3fecd512ab76d48b320072c4990ee2) Importer(815301076,1909f56bfc062723c751e8b465ee728b)  -> (artifact id: '2b1d7497554fc324c228293b5203ef21') in 0.015143 seconds
  Import took 0.021847 seconds .

========================================================================
Received Import Request.
  Time since last request: 86.440252 seconds.
  path: Assets/Scenes/MatchTheShapesGame.unity
  artifactKey: Guid(5f3fecd512ab76d48b320072c4990ee2) Importer(815301076,1909f56bfc062723c751e8b465ee728b)
Start importing Assets/Scenes/MatchTheShapesGame.unity using Guid(5f3fecd512ab76d48b320072c4990ee2) Importer(815301076,1909f56bfc062723c751e8b465ee728b)  -> (artifact id: '6804c3d8e5db7d450679809325229419') in 0.005373 seconds
  Import took 0.012037 seconds .

========================================================================
Received Import Request.
  Time since last request: 66.847650 seconds.
  path: Assets/Scenes/BlocksPuzzle2x2 WithHint.unity
  artifactKey: Guid(7360770e1e537944ba945aaba749a9ad) Importer(815301076,1909f56bfc062723c751e8b465ee728b)
Start importing Assets/Scenes/BlocksPuzzle2x2 WithHint.unity using Guid(7360770e1e537944ba945aaba749a9ad) Importer(815301076,1909f56bfc062723c751e8b465ee728b)  -> (artifact id: '37bb99644f6780ca4dca14eb1bb79e26') in 0.014518 seconds
  Import took 0.022421 seconds .

========================================================================
Received Import Request.
  Time since last request: 100.618833 seconds.
  path: Assets/Scenes/Start.unity
  artifactKey: Guid(e2f29afa28d6a9344a24f795453623da) Importer(815301076,1909f56bfc062723c751e8b465ee728b)
Start importing Assets/Scenes/Start.unity using Guid(e2f29afa28d6a9344a24f795453623da) Importer(815301076,1909f56bfc062723c751e8b465ee728b)  -> (artifact id: 'daac26c73c9b67b4b6b802e46234a3e5') in 0.011227 seconds
  Import took 0.018545 seconds .

========================================================================
Received Import Request.
  Time since last request: 0.002881 seconds.
  path: Assets/Scenes/Start.unity
  artifactKey: Guid(e2f29afa28d6a9344a24f795453623da) Importer(815301076,1909f56bfc062723c751e8b465ee728b)
Start importing Assets/Scenes/Start.unity using Guid(e2f29afa28d6a9344a24f795453623da) Importer(815301076,1909f56bfc062723c751e8b465ee728b)  -> (artifact id: 'daac26c73c9b67b4b6b802e46234a3e5') in 0.006329 seconds
  Import took 0.016221 seconds .

========================================================================
Received Prepare
Registering precompiled user dll's ...
Registered in 0.007871 seconds.
Begin MonoManager ReloadAssembly
Native extension for WindowsStandalone target not found
Refreshing native plugins compatible for Editor in 1.22 ms, found 0 plugins.
Preloading 0 native plugins for Editor in 0.00 ms.
Invoked RoslynAnalysisRunner static constructor.
RoslynAnalysisRunner will not be running.
RoslynAnalysisRunner has terminated.
Mono: successfully reloaded assembly
- Completed reload, in  1.619 seconds
Platform modules already initialized, skipping
Shader 'Universal Render Pipeline/Particles/Lit': fallback shader 'Universal Render Pipeline/Particles/SimpleLit' not found
Refreshing native plugins compatible for Editor in 1.03 ms, found 0 plugins.
Preloading 0 native plugins for Editor in 0.00 ms.
Unloading 2835 Unused Serialized files (Serialized files now loaded: 0)
System memory in use before: 135.5 MB.
System memory in use after: 135.7 MB.

Unloading 33 unused Assets to reduce memory usage. Loaded Objects now: 3405.
Total: 3.923200 ms (FindLiveObjects: 0.578100 ms CreateObjectMapping: 0.209300 ms MarkObjects: 3.101000 ms  DeleteObjects: 0.032500 ms)

========================================================================
Received Prepare
Shader 'Universal Render Pipeline/Particles/Lit': fallback shader 'Universal Render Pipeline/Particles/SimpleLit' not found
Refreshing native plugins compatible for Editor in 22.13 ms, found 0 plugins.
Preloading 0 native plugins for Editor in 0.00 ms.
Unloading 36 Unused Serialized files (Serialized files now loaded: 0)
System memory in use before: 82.3 MB.
System memory in use after: 82.5 MB.

Unloading 31 unused Assets to reduce memory usage. Loaded Objects now: 3405.
Total: 5.346000 ms (FindLiveObjects: 0.748200 ms CreateObjectMapping: 0.428400 ms MarkObjects: 4.122800 ms  DeleteObjects: 0.043800 ms)

========================================================================
Received Import Request.
  Time since last request: 420.923535 seconds.
  path: Assets/Scenes/BlocksPuzzle3x3 WithHint.unity
  artifactKey: Guid(0266f6b055012004db29eafc112da182) Importer(815301076,1909f56bfc062723c751e8b465ee728b)
Start importing Assets/Scenes/BlocksPuzzle3x3 WithHint.unity using Guid(0266f6b055012004db29eafc112da182) Importer(815301076,1909f56bfc062723c751e8b465ee728b)  -> (artifact id: 'f2a7e26fedbef29d146a720cbb515c18') in 0.026330 seconds
  Import took 0.033290 seconds .

========================================================================
Received Prepare
Registering precompiled user dll's ...
Registered in 0.006608 seconds.
Begin MonoManager ReloadAssembly
Native extension for WindowsStandalone target not found
Refreshing native plugins compatible for Editor in 0.85 ms, found 0 plugins.
Preloading 0 native plugins for Editor in 0.00 ms.
Invoked RoslynAnalysisRunner static constructor.
RoslynAnalysisRunner will not be running.
RoslynAnalysisRunner has terminated.
Mono: successfully reloaded assembly
- Completed reload, in  1.303 seconds
Platform modules already initialized, skipping
Shader 'Universal Render Pipeline/Particles/Lit': fallback shader 'Universal Render Pipeline/Particles/SimpleLit' not found
Refreshing native plugins compatible for Editor in 0.85 ms, found 0 plugins.
Preloading 0 native plugins for Editor in 0.00 ms.
Unloading 2834 Unused Serialized files (Serialized files now loaded: 0)
System memory in use before: 135.7 MB.
System memory in use after: 135.9 MB.

Unloading 33 unused Assets to reduce memory usage. Loaded Objects now: 3407.
Total: 3.981600 ms (FindLiveObjects: 0.480900 ms CreateObjectMapping: 0.465900 ms MarkObjects: 2.997800 ms  DeleteObjects: 0.035300 ms)

========================================================================
Received Prepare
Registering precompiled user dll's ...
Registered in 0.299200 seconds.
Begin MonoManager ReloadAssembly
Native extension for WindowsStandalone target not found
Refreshing native plugins compatible for Editor in 0.90 ms, found 0 plugins.
Preloading 0 native plugins for Editor in 0.00 ms.
Invoked RoslynAnalysisRunner static constructor.
RoslynAnalysisRunner will not be running.
RoslynAnalysisRunner has terminated.
Mono: successfully reloaded assembly
- Completed reload, in  5.688 seconds
Platform modules already initialized, skipping
Shader 'Universal Render Pipeline/Particles/Lit': fallback shader 'Universal Render Pipeline/Particles/SimpleLit' not found
Refreshing native plugins compatible for Editor in 0.98 ms, found 0 plugins.
Preloading 0 native plugins for Editor in 0.00 ms.
Unloading 2835 Unused Serialized files (Serialized files now loaded: 0)
System memory in use before: 135.2 MB.
System memory in use after: 135.4 MB.

Unloading 33 unused Assets to reduce memory usage. Loaded Objects now: 3409.
Total: 3.566900 ms (FindLiveObjects: 0.448000 ms CreateObjectMapping: 0.366800 ms MarkObjects: 2.714500 ms  DeleteObjects: 0.036600 ms)

========================================================================
Received Import Request.
  Time since last request: 1293.518339 seconds.
  path: Assets/Scenes/JigsawGame3x3.unity
  artifactKey: Guid(1cd0b7d931c820c41adf67982d51f764) Importer(815301076,1909f56bfc062723c751e8b465ee728b)
Start importing Assets/Scenes/JigsawGame3x3.unity using Guid(1cd0b7d931c820c41adf67982d51f764) Importer(815301076,1909f56bfc062723c751e8b465ee728b)  -> (artifact id: 'e9c620e638d3b881cacbab81b0fe6486') in 0.024001 seconds
  Import took 0.030250 seconds .

========================================================================
Received Import Request.
  Time since last request: 2.254616 seconds.
  path: Assets/Scenes/JigsawGame2x2.unity
  artifactKey: Guid(098f9cdf861fcbc4d83b2ff6dd1b1835) Importer(815301076,1909f56bfc062723c751e8b465ee728b)
Start importing Assets/Scenes/JigsawGame2x2.unity using Guid(098f9cdf861fcbc4d83b2ff6dd1b1835) Importer(815301076,1909f56bfc062723c751e8b465ee728b)  -> (artifact id: '147631bb0569cf2b1db61e757d29e9ef') in 0.009226 seconds
  Import took 0.015825 seconds .

========================================================================
Received Prepare
Registering precompiled user dll's ...
Registered in 0.007920 seconds.
Begin MonoManager ReloadAssembly
Native extension for WindowsStandalone target not found
Refreshing native plugins compatible for Editor in 0.96 ms, found 0 plugins.
Preloading 0 native plugins for Editor in 0.00 ms.
Invoked RoslynAnalysisRunner static constructor.
RoslynAnalysisRunner will not be running.
RoslynAnalysisRunner has terminated.
Mono: successfully reloaded assembly
- Completed reload, in  1.427 seconds
Platform modules already initialized, skipping
Shader 'Universal Render Pipeline/Particles/Lit': fallback shader 'Universal Render Pipeline/Particles/SimpleLit' not found
Refreshing native plugins compatible for Editor in 0.82 ms, found 0 plugins.
Preloading 0 native plugins for Editor in 0.00 ms.
Unloading 2835 Unused Serialized files (Serialized files now loaded: 0)
System memory in use before: 135.5 MB.
System memory in use after: 135.8 MB.

Unloading 33 unused Assets to reduce memory usage. Loaded Objects now: 3411.
Total: 4.243400 ms (FindLiveObjects: 0.448100 ms CreateObjectMapping: 0.380600 ms MarkObjects: 3.377800 ms  DeleteObjects: 0.035200 ms)

========================================================================
Received Prepare
Registering precompiled user dll's ...
Registered in 0.006514 seconds.
Begin MonoManager ReloadAssembly
Native extension for WindowsStandalone target not found
Refreshing native plugins compatible for Editor in 0.85 ms, found 0 plugins.
Preloading 0 native plugins for Editor in 0.00 ms.
Invoked RoslynAnalysisRunner static constructor.
RoslynAnalysisRunner will not be running.
RoslynAnalysisRunner has terminated.
Mono: successfully reloaded assembly
- Completed reload, in  1.393 seconds
Platform modules already initialized, skipping
Shader 'Universal Render Pipeline/Particles/Lit': fallback shader 'Universal Render Pipeline/Particles/SimpleLit' not found
Refreshing native plugins compatible for Editor in 0.91 ms, found 0 plugins.
Preloading 0 native plugins for Editor in 0.00 ms.
Unloading 2835 Unused Serialized files (Serialized files now loaded: 0)
System memory in use before: 135.7 MB.
System memory in use after: 136.0 MB.

Unloading 33 unused Assets to reduce memory usage. Loaded Objects now: 3413.
Total: 3.544600 ms (FindLiveObjects: 0.432600 ms CreateObjectMapping: 0.571500 ms MarkObjects: 2.508600 ms  DeleteObjects: 0.030600 ms)

========================================================================
Received Prepare
Registering precompiled user dll's ...
Registered in 0.007094 seconds.
Begin MonoManager ReloadAssembly
Native extension for WindowsStandalone target not found
Refreshing native plugins compatible for Editor in 0.95 ms, found 0 plugins.
Preloading 0 native plugins for Editor in 0.00 ms.
Invoked RoslynAnalysisRunner static constructor.
RoslynAnalysisRunner will not be running.
RoslynAnalysisRunner has terminated.
Mono: successfully reloaded assembly
- Completed reload, in  1.292 seconds
Platform modules already initialized, skipping
Shader 'Universal Render Pipeline/Particles/Lit': fallback shader 'Universal Render Pipeline/Particles/SimpleLit' not found
Refreshing native plugins compatible for Editor in 0.87 ms, found 0 plugins.
Preloading 0 native plugins for Editor in 0.00 ms.
Unloading 2835 Unused Serialized files (Serialized files now loaded: 0)
System memory in use before: 135.3 MB.
System memory in use after: 135.5 MB.

Unloading 33 unused Assets to reduce memory usage. Loaded Objects now: 3415.
Total: 3.469500 ms (FindLiveObjects: 0.463400 ms CreateObjectMapping: 0.339500 ms MarkObjects: 2.631100 ms  DeleteObjects: 0.034200 ms)

========================================================================
Received Prepare
Registering precompiled user dll's ...
Registered in 0.007409 seconds.
Begin MonoManager ReloadAssembly
Native extension for WindowsStandalone target not found
Refreshing native plugins compatible for Editor in 0.85 ms, found 0 plugins.
Preloading 0 native plugins for Editor in 0.00 ms.
Invoked RoslynAnalysisRunner static constructor.
RoslynAnalysisRunner will not be running.
RoslynAnalysisRunner has terminated.
Mono: successfully reloaded assembly
- Completed reload, in  1.412 seconds
Platform modules already initialized, skipping
Shader 'Universal Render Pipeline/Particles/Lit': fallback shader 'Universal Render Pipeline/Particles/SimpleLit' not found
Refreshing native plugins compatible for Editor in 0.97 ms, found 0 plugins.
Preloading 0 native plugins for Editor in 0.00 ms.
Unloading 2835 Unused Serialized files (Serialized files now loaded: 0)
System memory in use before: 135.7 MB.
System memory in use after: 135.9 MB.

Unloading 33 unused Assets to reduce memory usage. Loaded Objects now: 3417.
Total: 3.480200 ms (FindLiveObjects: 0.304900 ms CreateObjectMapping: 0.148300 ms MarkObjects: 2.996700 ms  DeleteObjects: 0.029000 ms)

========================================================================
Received Import Request.
  Time since last request: 6307.474700 seconds.
  path: Assets/Scripts/Drop.cs
  artifactKey: Guid(919394509131c8e4186f08d40367820e) Importer(815301076,1909f56bfc062723c751e8b465ee728b)
Start importing Assets/Scripts/Drop.cs using Guid(919394509131c8e4186f08d40367820e) Importer(815301076,1909f56bfc062723c751e8b465ee728b)  -> (artifact id: 'af099b76053f04d1d5eb5c7a56fb0191') in 0.016557 seconds
  Import took 0.023203 seconds .

========================================================================
Received Prepare
Registering precompiled user dll's ...
Registered in 0.006583 seconds.
Begin MonoManager ReloadAssembly
Native extension for WindowsStandalone target not found
Refreshing native plugins compatible for Editor in 0.85 ms, found 0 plugins.
Preloading 0 native plugins for Editor in 0.00 ms.
Invoked RoslynAnalysisRunner static constructor.
RoslynAnalysisRunner will not be running.
RoslynAnalysisRunner has terminated.
Mono: successfully reloaded assembly
- Completed reload, in  1.306 seconds
Platform modules already initialized, skipping
Shader 'Universal Render Pipeline/Particles/Lit': fallback shader 'Universal Render Pipeline/Particles/SimpleLit' not found
Refreshing native plugins compatible for Editor in 0.84 ms, found 0 plugins.
Preloading 0 native plugins for Editor in 0.00 ms.
Unloading 2835 Unused Serialized files (Serialized files now loaded: 0)
System memory in use before: 135.8 MB.
System memory in use after: 136.0 MB.

Unloading 33 unused Assets to reduce memory usage. Loaded Objects now: 3419.
Total: 3.568900 ms (FindLiveObjects: 0.459800 ms CreateObjectMapping: 0.362300 ms MarkObjects: 2.712500 ms  DeleteObjects: 0.032500 ms)

========================================================================
Received Prepare
Registering precompiled user dll's ...
Registered in 0.007021 seconds.
Begin MonoManager ReloadAssembly
Native extension for WindowsStandalone target not found
Refreshing native plugins compatible for Editor in 0.86 ms, found 0 plugins.
Preloading 0 native plugins for Editor in 0.00 ms.
Invoked RoslynAnalysisRunner static constructor.
RoslynAnalysisRunner will not be running.
RoslynAnalysisRunner has terminated.
Mono: successfully reloaded assembly
- Completed reload, in  1.343 seconds
Platform modules already initialized, skipping
Shader 'Universal Render Pipeline/Particles/Lit': fallback shader 'Universal Render Pipeline/Particles/SimpleLit' not found
Refreshing native plugins compatible for Editor in 0.85 ms, found 0 plugins.
Preloading 0 native plugins for Editor in 0.00 ms.
Unloading 2835 Unused Serialized files (Serialized files now loaded: 0)
System memory in use before: 135.4 MB.
System memory in use after: 135.6 MB.

Unloading 33 unused Assets to reduce memory usage. Loaded Objects now: 3421.
Total: 3.468400 ms (FindLiveObjects: 0.552800 ms CreateObjectMapping: 0.388400 ms MarkObjects: 2.498300 ms  DeleteObjects: 0.027400 ms)

========================================================================
Received Prepare
Registering precompiled user dll's ...
Registered in 0.006500 seconds.
Begin MonoManager ReloadAssembly
Native extension for WindowsStandalone target not found
Refreshing native plugins compatible for Editor in 0.87 ms, found 0 plugins.
Preloading 0 native plugins for Editor in 0.00 ms.
Invoked RoslynAnalysisRunner static constructor.
RoslynAnalysisRunner will not be running.
RoslynAnalysisRunner has terminated.
Mono: successfully reloaded assembly
- Completed reload, in  1.461 seconds
Platform modules already initialized, skipping
Shader 'Universal Render Pipeline/Particles/Lit': fallback shader 'Universal Render Pipeline/Particles/SimpleLit' not found
Refreshing native plugins compatible for Editor in 0.85 ms, found 0 plugins.
Preloading 0 native plugins for Editor in 0.00 ms.
Unloading 2835 Unused Serialized files (Serialized files now loaded: 0)
System memory in use before: 135.8 MB.
System memory in use after: 136.0 MB.

Unloading 33 unused Assets to reduce memory usage. Loaded Objects now: 3423.
Total: 3.704600 ms (FindLiveObjects: 0.455400 ms CreateObjectMapping: 0.462700 ms MarkObjects: 2.756000 ms  DeleteObjects: 0.028400 ms)

========================================================================
Received Prepare
Registering precompiled user dll's ...
Registered in 0.006810 seconds.
Begin MonoManager ReloadAssembly
Native extension for WindowsStandalone target not found
Refreshing native plugins compatible for Editor in 0.88 ms, found 0 plugins.
Preloading 0 native plugins for Editor in 0.00 ms.
Invoked RoslynAnalysisRunner static constructor.
RoslynAnalysisRunner will not be running.
RoslynAnalysisRunner has terminated.
Mono: successfully reloaded assembly
- Completed reload, in  1.347 seconds
Platform modules already initialized, skipping
Shader 'Universal Render Pipeline/Particles/Lit': fallback shader 'Universal Render Pipeline/Particles/SimpleLit' not found
Refreshing native plugins compatible for Editor in 1.13 ms, found 0 plugins.
Preloading 0 native plugins for Editor in 0.00 ms.
Unloading 2835 Unused Serialized files (Serialized files now loaded: 0)
System memory in use before: 135.2 MB.
System memory in use after: 135.4 MB.

Unloading 33 unused Assets to reduce memory usage. Loaded Objects now: 3425.
Total: 3.572400 ms (FindLiveObjects: 0.464700 ms CreateObjectMapping: 0.403900 ms MarkObjects: 2.674400 ms  DeleteObjects: 0.028100 ms)

========================================================================
Received Prepare
Registering precompiled user dll's ...
Registered in 0.007255 seconds.
Begin MonoManager ReloadAssembly
Native extension for WindowsStandalone target not found
Refreshing native plugins compatible for Editor in 0.87 ms, found 0 plugins.
Preloading 0 native plugins for Editor in 0.00 ms.
Invoked RoslynAnalysisRunner static constructor.
RoslynAnalysisRunner will not be running.
RoslynAnalysisRunner has terminated.
Mono: successfully reloaded assembly
- Completed reload, in  1.373 seconds
Platform modules already initialized, skipping
Shader 'Universal Render Pipeline/Particles/Lit': fallback shader 'Universal Render Pipeline/Particles/SimpleLit' not found
Refreshing native plugins compatible for Editor in 0.90 ms, found 0 plugins.
Preloading 0 native plugins for Editor in 0.00 ms.
Unloading 2835 Unused Serialized files (Serialized files now loaded: 0)
System memory in use before: 135.5 MB.
System memory in use after: 135.7 MB.

Unloading 33 unused Assets to reduce memory usage. Loaded Objects now: 3427.
Total: 3.672400 ms (FindLiveObjects: 0.410700 ms CreateObjectMapping: 0.329400 ms MarkObjects: 2.902700 ms  DeleteObjects: 0.028400 ms)

========================================================================
Received Import Request.
  Time since last request: 1340.470407 seconds.
  path: Assets/Scenes/BlocksPuzzle3x3 WithHint.unity
  artifactKey: Guid(0266f6b055012004db29eafc112da182) Importer(815301076,1909f56bfc062723c751e8b465ee728b)
Start importing Assets/Scenes/BlocksPuzzle3x3 WithHint.unity using Guid(0266f6b055012004db29eafc112da182) Importer(815301076,1909f56bfc062723c751e8b465ee728b)  -> (artifact id: '5abb7647eb2eb1c38a20c3183fc1ffc1') in 0.027756 seconds
  Import took 0.035805 seconds .

========================================================================
Received Prepare
Registering precompiled user dll's ...
Registered in 0.007207 seconds.
Begin MonoManager ReloadAssembly
Native extension for WindowsStandalone target not found
Refreshing native plugins compatible for Editor in 0.93 ms, found 0 plugins.
Preloading 0 native plugins for Editor in 0.00 ms.
Invoked RoslynAnalysisRunner static constructor.
RoslynAnalysisRunner will not be running.
RoslynAnalysisRunner has terminated.
Mono: successfully reloaded assembly
- Completed reload, in  1.409 seconds
Platform modules already initialized, skipping
Shader 'Universal Render Pipeline/Particles/Lit': fallback shader 'Universal Render Pipeline/Particles/SimpleLit' not found
Refreshing native plugins compatible for Editor in 0.85 ms, found 0 plugins.
Preloading 0 native plugins for Editor in 0.00 ms.
Unloading 2835 Unused Serialized files (Serialized files now loaded: 0)
System memory in use before: 135.8 MB.
System memory in use after: 136.0 MB.

Unloading 33 unused Assets to reduce memory usage. Loaded Objects now: 3429.
Total: 4.087600 ms (FindLiveObjects: 0.499900 ms CreateObjectMapping: 0.408300 ms MarkObjects: 3.148700 ms  DeleteObjects: 0.029500 ms)

========================================================================
Received Import Request.
  Time since last request: 44.210801 seconds.
  path: Assets/Scenes/MatchTheShapesGame.unity
  artifactKey: Guid(5f3fecd512ab76d48b320072c4990ee2) Importer(815301076,1909f56bfc062723c751e8b465ee728b)
Start importing Assets/Scenes/MatchTheShapesGame.unity using Guid(5f3fecd512ab76d48b320072c4990ee2) Importer(815301076,1909f56bfc062723c751e8b465ee728b)  -> (artifact id: '4e3f7a30698cc5216f8dec6cbef9817d') in 0.027613 seconds
  Import took 0.034918 seconds .

========================================================================
Received Import Request.
  Time since last request: 16.358731 seconds.
  path: Assets/Scenes/MatchTheShapesGame.unity
  artifactKey: Guid(5f3fecd512ab76d48b320072c4990ee2) Importer(815301076,1909f56bfc062723c751e8b465ee728b)
Start importing Assets/Scenes/MatchTheShapesGame.unity using Guid(5f3fecd512ab76d48b320072c4990ee2) Importer(815301076,1909f56bfc062723c751e8b465ee728b)  -> (artifact id: 'd133e0a16b62d8f935ebae47c17e05d7') in 0.005678 seconds
  Import took 0.013083 seconds .

========================================================================
Received Import Request.
  Time since last request: 0.000721 seconds.
  path: Assets/Scenes/MatchTheShapesGame.unity
  artifactKey: Guid(5f3fecd512ab76d48b320072c4990ee2) Importer(815301076,1909f56bfc062723c751e8b465ee728b)
Start importing Assets/Scenes/MatchTheShapesGame.unity using Guid(5f3fecd512ab76d48b320072c4990ee2) Importer(815301076,1909f56bfc062723c751e8b465ee728b)  -> (artifact id: 'd133e0a16b62d8f935ebae47c17e05d7') in 0.005046 seconds
  Import took 0.011415 seconds .

========================================================================
Received Prepare
Registering precompiled user dll's ...
Registered in 0.006573 seconds.
Begin MonoManager ReloadAssembly
Native extension for WindowsStandalone target not found
Refreshing native plugins compatible for Editor in 0.89 ms, found 0 plugins.
Preloading 0 native plugins for Editor in 0.00 ms.
Invoked RoslynAnalysisRunner static constructor.
RoslynAnalysisRunner will not be running.
RoslynAnalysisRunner has terminated.
Mono: successfully reloaded assembly
- Completed reload, in  1.383 seconds
Platform modules already initialized, skipping
Shader 'Universal Render Pipeline/Particles/Lit': fallback shader 'Universal Render Pipeline/Particles/SimpleLit' not found
Refreshing native plugins compatible for Editor in 1.32 ms, found 0 plugins.
Preloading 0 native plugins for Editor in 0.00 ms.
Unloading 2835 Unused Serialized files (Serialized files now loaded: 0)
System memory in use before: 135.3 MB.
System memory in use after: 135.5 MB.

Unloading 33 unused Assets to reduce memory usage. Loaded Objects now: 3431.
Total: 3.630000 ms (FindLiveObjects: 0.438100 ms CreateObjectMapping: 0.346400 ms MarkObjects: 2.804600 ms  DeleteObjects: 0.039000 ms)

========================================================================
Received Prepare
Registering precompiled user dll's ...
Registered in 0.006621 seconds.
Begin MonoManager ReloadAssembly
Native extension for WindowsStandalone target not found
Refreshing native plugins compatible for Editor in 1.51 ms, found 0 plugins.
Preloading 0 native plugins for Editor in 0.00 ms.
Invoked RoslynAnalysisRunner static constructor.
RoslynAnalysisRunner will not be running.
RoslynAnalysisRunner has terminated.
Mono: successfully reloaded assembly
- Completed reload, in  1.380 seconds
Platform modules already initialized, skipping
Shader 'Universal Render Pipeline/Particles/Lit': fallback shader 'Universal Render Pipeline/Particles/SimpleLit' not found
Refreshing native plugins compatible for Editor in 1.35 ms, found 0 plugins.
Preloading 0 native plugins for Editor in 0.00 ms.
Unloading 2835 Unused Serialized files (Serialized files now loaded: 0)
System memory in use before: 135.7 MB.
System memory in use after: 135.9 MB.

Unloading 33 unused Assets to reduce memory usage. Loaded Objects now: 3433.
Total: 3.621900 ms (FindLiveObjects: 0.445000 ms CreateObjectMapping: 0.361400 ms MarkObjects: 2.777900 ms  DeleteObjects: 0.036600 ms)

========================================================================
Received Prepare
Registering precompiled user dll's ...
Registered in 0.009415 seconds.
Begin MonoManager ReloadAssembly
Native extension for WindowsStandalone target not found
Refreshing native plugins compatible for Editor in 0.86 ms, found 0 plugins.
Preloading 0 native plugins for Editor in 0.00 ms.
Invoked RoslynAnalysisRunner static constructor.
RoslynAnalysisRunner will not be running.
RoslynAnalysisRunner has terminated.
Mono: successfully reloaded assembly
- Completed reload, in  1.405 seconds
Platform modules already initialized, skipping
Shader 'Universal Render Pipeline/Particles/Lit': fallback shader 'Universal Render Pipeline/Particles/SimpleLit' not found
Refreshing native plugins compatible for Editor in 0.84 ms, found 0 plugins.
Preloading 0 native plugins for Editor in 0.00 ms.
Unloading 2835 Unused Serialized files (Serialized files now loaded: 0)
System memory in use before: 135.8 MB.
System memory in use after: 136.0 MB.

Unloading 33 unused Assets to reduce memory usage. Loaded Objects now: 3435.
Total: 3.884400 ms (FindLiveObjects: 0.467600 ms CreateObjectMapping: 0.367000 ms MarkObjects: 3.011300 ms  DeleteObjects: 0.036200 ms)

========================================================================
Received Prepare
Registering precompiled user dll's ...
Registered in 0.006528 seconds.
Begin MonoManager ReloadAssembly
Native extension for WindowsStandalone target not found
Refreshing native plugins compatible for Editor in 0.91 ms, found 0 plugins.
Preloading 0 native plugins for Editor in 0.00 ms.
Invoked RoslynAnalysisRunner static constructor.
RoslynAnalysisRunner will not be running.
RoslynAnalysisRunner has terminated.
Mono: successfully reloaded assembly
- Completed reload, in  1.420 seconds
Platform modules already initialized, skipping
Shader 'Universal Render Pipeline/Particles/Lit': fallback shader 'Universal Render Pipeline/Particles/SimpleLit' not found
Refreshing native plugins compatible for Editor in 0.90 ms, found 0 plugins.
Preloading 0 native plugins for Editor in 0.00 ms.
Unloading 2835 Unused Serialized files (Serialized files now loaded: 0)
System memory in use before: 135.4 MB.
System memory in use after: 135.6 MB.

Unloading 33 unused Assets to reduce memory usage. Loaded Objects now: 3437.
Total: 4.171200 ms (FindLiveObjects: 0.461600 ms CreateObjectMapping: 0.391400 ms MarkObjects: 3.286300 ms  DeleteObjects: 0.030500 ms)

========================================================================
Received Import Request.
  Time since last request: 667.405668 seconds.
  path: Assets/Scenes/JigsawGame3x3.unity
  artifactKey: Guid(1cd0b7d931c820c41adf67982d51f764) Importer(815301076,1909f56bfc062723c751e8b465ee728b)
Start importing Assets/Scenes/JigsawGame3x3.unity using Guid(1cd0b7d931c820c41adf67982d51f764) Importer(815301076,1909f56bfc062723c751e8b465ee728b)  -> (artifact id: '6c69302282751235a54456571a3d1a7c') in 0.023295 seconds
  Import took 0.030826 seconds .

========================================================================
Received Import Request.
  Time since last request: 9.107219 seconds.
  path: Assets/Scenes/JigsawGame2x2.unity
  artifactKey: Guid(098f9cdf861fcbc4d83b2ff6dd1b1835) Importer(815301076,1909f56bfc062723c751e8b465ee728b)
Start importing Assets/Scenes/JigsawGame2x2.unity using Guid(098f9cdf861fcbc4d83b2ff6dd1b1835) Importer(815301076,1909f56bfc062723c751e8b465ee728b)  -> (artifact id: '5267eef2f4a6986dac2fc66cc8a4ab16') in 0.009962 seconds
  Import took 0.018103 seconds .

========================================================================
Received Prepare
Registering precompiled user dll's ...
Registered in 0.006511 seconds.
Begin MonoManager ReloadAssembly
Native extension for WindowsStandalone target not found
Refreshing native plugins compatible for Editor in 0.87 ms, found 0 plugins.
Preloading 0 native plugins for Editor in 0.00 ms.
Invoked RoslynAnalysisRunner static constructor.
RoslynAnalysisRunner will not be running.
RoslynAnalysisRunner has terminated.
Mono: successfully reloaded assembly
- Completed reload, in  1.435 seconds
Platform modules already initialized, skipping
Shader 'Universal Render Pipeline/Particles/Lit': fallback shader 'Universal Render Pipeline/Particles/SimpleLit' not found
Refreshing native plugins compatible for Editor in 0.84 ms, found 0 plugins.
Preloading 0 native plugins for Editor in 0.00 ms.
Unloading 2835 Unused Serialized files (Serialized files now loaded: 0)
System memory in use before: 135.8 MB.
System memory in use after: 136.0 MB.

Unloading 33 unused Assets to reduce memory usage. Loaded Objects now: 3439.
Total: 3.817400 ms (FindLiveObjects: 0.490500 ms CreateObjectMapping: 0.365800 ms MarkObjects: 2.925100 ms  DeleteObjects: 0.034600 ms)

========================================================================
Received Prepare
Registering precompiled user dll's ...
Registered in 0.006744 seconds.
Begin MonoManager ReloadAssembly
Native extension for WindowsStandalone target not found
Refreshing native plugins compatible for Editor in 0.96 ms, found 0 plugins.
Preloading 0 native plugins for Editor in 0.00 ms.
Invoked RoslynAnalysisRunner static constructor.
RoslynAnalysisRunner will not be running.
RoslynAnalysisRunner has terminated.
Mono: successfully reloaded assembly
- Completed reload, in  1.487 seconds
Platform modules already initialized, skipping
Shader 'Universal Render Pipeline/Particles/Lit': fallback shader 'Universal Render Pipeline/Particles/SimpleLit' not found
Refreshing native plugins compatible for Editor in 0.86 ms, found 0 plugins.
Preloading 0 native plugins for Editor in 0.00 ms.
Unloading 2835 Unused Serialized files (Serialized files now loaded: 0)
System memory in use before: 135.8 MB.
System memory in use after: 136.1 MB.

Unloading 33 unused Assets to reduce memory usage. Loaded Objects now: 3441.
Total: 3.356200 ms (FindLiveObjects: 0.526400 ms CreateObjectMapping: 0.190700 ms MarkObjects: 2.608100 ms  DeleteObjects: 0.029300 ms)

========================================================================
Received Prepare
Registering precompiled user dll's ...
Registered in 0.006638 seconds.
Begin MonoManager ReloadAssembly
Native extension for WindowsStandalone target not found
Refreshing native plugins compatible for Editor in 0.95 ms, found 0 plugins.
Preloading 0 native plugins for Editor in 0.00 ms.
Invoked RoslynAnalysisRunner static constructor.
RoslynAnalysisRunner will not be running.
RoslynAnalysisRunner has terminated.
Mono: successfully reloaded assembly
- Completed reload, in  1.445 seconds
Platform modules already initialized, skipping
Shader 'Universal Render Pipeline/Particles/Lit': fallback shader 'Universal Render Pipeline/Particles/SimpleLit' not found
Refreshing native plugins compatible for Editor in 0.87 ms, found 0 plugins.
Preloading 0 native plugins for Editor in 0.00 ms.
Unloading 2835 Unused Serialized files (Serialized files now loaded: 0)
System memory in use before: 135.5 MB.
System memory in use after: 135.8 MB.

Unloading 33 unused Assets to reduce memory usage. Loaded Objects now: 3443.
Total: 3.750800 ms (FindLiveObjects: 0.432200 ms CreateObjectMapping: 0.339100 ms MarkObjects: 2.938300 ms  DeleteObjects: 0.039700 ms)

========================================================================
Received Prepare
Registering precompiled user dll's ...
Registered in 0.007454 seconds.
Begin MonoManager ReloadAssembly
Native extension for WindowsStandalone target not found
Refreshing native plugins compatible for Editor in 0.88 ms, found 0 plugins.
Preloading 0 native plugins for Editor in 0.00 ms.
Invoked RoslynAnalysisRunner static constructor.
RoslynAnalysisRunner will not be running.
RoslynAnalysisRunner has terminated.
Mono: successfully reloaded assembly
- Completed reload, in  1.490 seconds
Platform modules already initialized, skipping
Shader 'Universal Render Pipeline/Particles/Lit': fallback shader 'Universal Render Pipeline/Particles/SimpleLit' not found
Refreshing native plugins compatible for Editor in 0.84 ms, found 0 plugins.
Preloading 0 native plugins for Editor in 0.00 ms.
Unloading 2835 Unused Serialized files (Serialized files now loaded: 0)
System memory in use before: 135.8 MB.
System memory in use after: 136.1 MB.

Unloading 33 unused Assets to reduce memory usage. Loaded Objects now: 3445.
Total: 4.112700 ms (FindLiveObjects: 0.822200 ms CreateObjectMapping: 0.421800 ms MarkObjects: 2.839300 ms  DeleteObjects: 0.027200 ms)

========================================================================
Received Import Request.
  Time since last request: 210.142492 seconds.
  path: Assets/Scenes/JigsawGame2x2.unity
  artifactKey: Guid(098f9cdf861fcbc4d83b2ff6dd1b1835) Importer(815301076,1909f56bfc062723c751e8b465ee728b)
Start importing Assets/Scenes/JigsawGame2x2.unity using Guid(098f9cdf861fcbc4d83b2ff6dd1b1835) Importer(815301076,1909f56bfc062723c751e8b465ee728b)  -> (artifact id: '1c0ec97c9f24ae58f298cb4547d471c2') in 0.017802 seconds
  Import took 0.025745 seconds .

========================================================================
Received Import Request.
  Time since last request: 15.373838 seconds.
  path: Assets/Scenes/JigsawGame3x3.unity
  artifactKey: Guid(1cd0b7d931c820c41adf67982d51f764) Importer(815301076,1909f56bfc062723c751e8b465ee728b)
Start importing Assets/Scenes/JigsawGame3x3.unity using Guid(1cd0b7d931c820c41adf67982d51f764) Importer(815301076,1909f56bfc062723c751e8b465ee728b)  -> (artifact id: 'f1201164ecd2714babb3374910c3d497') in 0.005920 seconds
  Import took 0.013503 seconds .

========================================================================
Received Prepare
Registering precompiled user dll's ...
Registered in 0.009292 seconds.
Begin MonoManager ReloadAssembly
Native extension for WindowsStandalone target not found
Refreshing native plugins compatible for Editor in 1.01 ms, found 0 plugins.
Preloading 0 native plugins for Editor in 0.00 ms.
Invoked RoslynAnalysisRunner static constructor.
RoslynAnalysisRunner will not be running.
RoslynAnalysisRunner has terminated.
Mono: successfully reloaded assembly
- Completed reload, in  1.865 seconds
Platform modules already initialized, skipping
Shader 'Universal Render Pipeline/Particles/Lit': fallback shader 'Universal Render Pipeline/Particles/SimpleLit' not found
Refreshing native plugins compatible for Editor in 1.01 ms, found 0 plugins.
Preloading 0 native plugins for Editor in 0.00 ms.
Unloading 2835 Unused Serialized files (Serialized files now loaded: 0)
System memory in use before: 135.3 MB.
System memory in use after: 135.5 MB.

Unloading 33 unused Assets to reduce memory usage. Loaded Objects now: 3447.
Total: 4.237700 ms (FindLiveObjects: 0.475400 ms CreateObjectMapping: 0.385400 ms MarkObjects: 3.337800 ms  DeleteObjects: 0.037300 ms)

========================================================================
Received Prepare
Shader 'Universal Render Pipeline/Particles/Lit': fallback shader 'Universal Render Pipeline/Particles/SimpleLit' not found
Refreshing native plugins compatible for Editor in 15.85 ms, found 0 plugins.
Preloading 0 native plugins for Editor in 0.00 ms.
Unloading 36 Unused Serialized files (Serialized files now loaded: 0)
System memory in use before: 82.5 MB.
System memory in use after: 82.7 MB.

Unloading 31 unused Assets to reduce memory usage. Loaded Objects now: 3447.
Total: 4.254000 ms (FindLiveObjects: 0.738100 ms CreateObjectMapping: 0.415300 ms MarkObjects: 3.069200 ms  DeleteObjects: 0.029500 ms)

========================================================================
Received Import Request.
  Time since last request: 427.674529 seconds.
  path: Assets/Scenes/BlocksPuzzle3x3 WithHint.unity
  artifactKey: Guid(0266f6b055012004db29eafc112da182) Importer(815301076,1909f56bfc062723c751e8b465ee728b)
Start importing Assets/Scenes/BlocksPuzzle3x3 WithHint.unity using Guid(0266f6b055012004db29eafc112da182) Importer(815301076,1909f56bfc062723c751e8b465ee728b)  -> (artifact id: '1c877dd6e1be42a63554b9c35c16a3e1') in 0.023327 seconds
  Import took 0.030839 seconds .

========================================================================
Received Import Request.
  Time since last request: 189.446763 seconds.
  path: Assets/Scenes/BlocksPuzzle2x2 WithHint.unity
  artifactKey: Guid(7360770e1e537944ba945aaba749a9ad) Importer(815301076,1909f56bfc062723c751e8b465ee728b)
Start importing Assets/Scenes/BlocksPuzzle2x2 WithHint.unity using Guid(7360770e1e537944ba945aaba749a9ad) Importer(815301076,1909f56bfc062723c751e8b465ee728b)  -> (artifact id: '01860056b9baf0f027c6ca7634687f71') in 0.010522 seconds
  Import took 0.018825 seconds .

========================================================================
Received Import Request.
  Time since last request: 13.732438 seconds.
  path: Assets/Scenes/BlocksPuzzle3x3 WithHint.unity
  artifactKey: Guid(0266f6b055012004db29eafc112da182) Importer(815301076,1909f56bfc062723c751e8b465ee728b)
Start importing Assets/Scenes/BlocksPuzzle3x3 WithHint.unity using Guid(0266f6b055012004db29eafc112da182) Importer(815301076,1909f56bfc062723c751e8b465ee728b)  -> (artifact id: '4b768b68c567e4bbab36d7fd3a5bdbb8') in 0.005338 seconds
  Import took 0.013114 seconds .

========================================================================
Received Import Request.
  Time since last request: 0.005331 seconds.
  path: Assets/Scenes/BlocksPuzzle3x3 WithHint.unity
  artifactKey: Guid(0266f6b055012004db29eafc112da182) Importer(815301076,1909f56bfc062723c751e8b465ee728b)
Start importing Assets/Scenes/BlocksPuzzle3x3 WithHint.unity using Guid(0266f6b055012004db29eafc112da182) Importer(815301076,1909f56bfc062723c751e8b465ee728b)  -> (artifact id: '4b768b68c567e4bbab36d7fd3a5bdbb8') in 0.005563 seconds
  Import took 0.012590 seconds .

========================================================================
Received Import Request.
  Time since last request: 220.452257 seconds.
  path: Assets/Grass Blade.png
  artifactKey: Guid(acd6dfc7626853247a5cc750aab87490) Importer(815301076,1909f56bfc062723c751e8b465ee728b)
Start importing Assets/Grass Blade.png using Guid(acd6dfc7626853247a5cc750aab87490) Importer(815301076,1909f56bfc062723c751e8b465ee728b)  -> (artifact id: '349686fc309e97775cf08de96d0eafa5') in 0.189232 seconds
  Import took 0.197765 seconds .

========================================================================
Received Import Request.
  Time since last request: 134.106624 seconds.
  path: Assets/Better Grass Blade.png
  artifactKey: Guid(ad41ffc84e6f34f45b61cf0dc4d07460) Importer(815301076,1909f56bfc062723c751e8b465ee728b)
Start importing Assets/Better Grass Blade.png using Guid(ad41ffc84e6f34f45b61cf0dc4d07460) Importer(815301076,1909f56bfc062723c751e8b465ee728b)  -> (artifact id: 'b0755476a806ea891be92867487c4c14') in 0.140983 seconds
  Import took 0.150932 seconds .

